<?xml version="1.0" encoding="UTF-8"?>
<testng-results ignored="0" total="2" passed="2" failed="0" skipped="0">
  <reporter-output>
  </reporter-output>
  <suite started-at="2023-07-08T11:03:53 IST" name="Default suite" finished-at="2023-07-08T11:04:08 IST" duration-ms="14973">
    <groups>
    </groups>
    <test started-at="2023-07-08T11:03:53 IST" name="Default test" finished-at="2023-07-08T11:04:08 IST" duration-ms="14973">
      <class name="Practice.BrowserStackRun">
        <test-method signature="browserRun(org.openqa.selenium.Platform,java.lang.String,java.lang.String)[pri:0, instance:Practice.BrowserStackRun@4fb0f2b9]" started-at="2023-07-08T11:03:53 IST" name="browserRun" data-provider="Data" finished-at="2023-07-08T11:04:03 IST" duration-ms="9996" status="PASS">
          <params>
            <param index="0">
              <value>
                <![CDATA[MAC]]>
              </value>
            </param>
            <param index="1">
              <value>
                <![CDATA[chrome]]>
              </value>
            </param>
            <param index="2">
              <value>
                <![CDATA[80]]>
              </value>
            </param>
          </params>
          <reporter-output>
          </reporter-output>
        </test-method> <!-- browserRun -->
        <test-method signature="browserRun(org.openqa.selenium.Platform,java.lang.String,java.lang.String)[pri:0, instance:Practice.BrowserStackRun@4fb0f2b9]" started-at="2023-07-08T11:03:53 IST" name="browserRun" data-provider="Data" finished-at="2023-07-08T11:04:08 IST" duration-ms="14936" status="PASS">
          <params>
            <param index="0">
              <value>
                <![CDATA[WINDOWS]]>
              </value>
            </param>
            <param index="1">
              <value>
                <![CDATA[firefox]]>
              </value>
            </param>
            <param index="2">
              <value>
                <![CDATA[110]]>
              </value>
            </param>
          </params>
          <reporter-output>
          </reporter-output>
        </test-method> <!-- browserRun -->
      </class> <!-- Practice.BrowserStackRun -->
    </test> <!-- Default test -->
  </suite> <!-- Default suite -->
</testng-results>
